[02-Aug-2021 15:36:09 Europe/Berlin] PHP Fatal error:  Uncaught Error: Call to undefined function encrypt() in C:\xampp8\htdocs\intranet\system\handlers\SecureSessionHandler.php:36
Stack trace:
#0 [internal function]: system\handlers\SecureSessionHandler->write('uvc61q64odr7nns...', '')
#1 [internal function]: session_write_close()
#2 {main}
  thrown in C:\xampp8\htdocs\intranet\system\handlers\SecureSessionHandler.php on line 36
[02-Aug-2021 15:38:16 Europe/Berlin] Call to a member function all() on null
[02-Aug-2021 15:38:16 Europe/Berlin] C:\xampp8\htdocs\intranet\system\base\Controller.php - 28
[02-Aug-2021 15:38:16 Europe/Berlin] #0 C:\xampp8\htdocs\intranet\app\controllers\HomeController.php(6): system\base\Controller->render('dashboard')
#1 C:\xampp8\htdocs\intranet\system\base\Application.php(21): HomeController->__construct()
#2 C:\xampp8\htdocs\intranet\index.php(19): system\base\Application->handleRequest()
#3 {main}
[02-Aug-2021 15:39:41 Europe/Berlin] Call to a member function all() on null
[02-Aug-2021 15:39:41 Europe/Berlin] C:\xampp8\htdocs\intranet\system\base\Controller.php - 29
[02-Aug-2021 15:39:41 Europe/Berlin] #0 C:\xampp8\htdocs\intranet\app\controllers\HomeController.php(6): system\base\Controller->render('dashboard')
#1 C:\xampp8\htdocs\intranet\system\base\Application.php(21): HomeController->__construct()
#2 C:\xampp8\htdocs\intranet\index.php(19): system\base\Application->handleRequest()
#3 {main}
[02-Aug-2021 15:40:03 Europe/Berlin] Call to a member function all() on null
[02-Aug-2021 15:40:03 Europe/Berlin] C:\xampp8\htdocs\intranet\system\base\Controller.php - 29
[02-Aug-2021 15:40:03 Europe/Berlin] #0 C:\xampp8\htdocs\intranet\app\controllers\HomeController.php(6): system\base\Controller->render('dashboard')
#1 C:\xampp8\htdocs\intranet\system\base\Application.php(21): HomeController->__construct()
#2 C:\xampp8\htdocs\intranet\index.php(19): system\base\Application->handleRequest()
#3 {main}
[02-Aug-2021 15:42:48 Europe/Berlin] call_user_func(): Argument #1 ($callback) must be a valid callback, class HomeController does not have a method ""
[02-Aug-2021 15:42:48 Europe/Berlin] C:\xampp8\htdocs\intranet\system\base\Application.php - 24
[02-Aug-2021 15:42:48 Europe/Berlin] #0 C:\xampp8\htdocs\intranet\system\base\Application.php(24): call_user_func(Array, Array)
#1 C:\xampp8\htdocs\intranet\index.php(19): system\base\Application->handleRequest()
#2 {main}
[02-Aug-2021 15:42:49 Europe/Berlin] Class "LocalhostController" not found
[02-Aug-2021 15:42:49 Europe/Berlin] C:\xampp8\htdocs\intranet\system\base\Application.php - 21
[02-Aug-2021 15:42:49 Europe/Berlin] #0 C:\xampp8\htdocs\intranet\index.php(19): system\base\Application->handleRequest()
#1 {main}
[02-Aug-2021 15:44:22 Europe/Berlin] call_user_func(): Argument #1 ($callback) must be a valid callback, class HomeController does not have a method ""
[02-Aug-2021 15:44:22 Europe/Berlin] C:\xampp8\htdocs\intranet\system\base\Application.php - 24
[02-Aug-2021 15:44:22 Europe/Berlin] #0 C:\xampp8\htdocs\intranet\system\base\Application.php(24): call_user_func(Array, Array)
#1 C:\xampp8\htdocs\intranet\index.php(19): system\base\Application->handleRequest()
#2 {main}
[02-Aug-2021 15:44:22 Europe/Berlin] Class "LocalhostController" not found
[02-Aug-2021 15:44:22 Europe/Berlin] C:\xampp8\htdocs\intranet\system\base\Application.php - 21
[02-Aug-2021 15:44:22 Europe/Berlin] #0 C:\xampp8\htdocs\intranet\index.php(19): system\base\Application->handleRequest()
#1 {main}
[02-Aug-2021 15:44:36 Europe/Berlin] call_user_func(): Argument #1 ($callback) must be a valid callback, class HomeController does not have a method ""
[02-Aug-2021 15:44:36 Europe/Berlin] C:\xampp8\htdocs\intranet\system\base\Application.php - 24
[02-Aug-2021 15:44:36 Europe/Berlin] #0 C:\xampp8\htdocs\intranet\system\base\Application.php(24): call_user_func(Array, Array)
#1 C:\xampp8\htdocs\intranet\index.php(19): system\base\Application->handleRequest()
#2 {main}
[02-Aug-2021 15:44:37 Europe/Berlin] Class "LocalhostController" not found
[02-Aug-2021 15:44:37 Europe/Berlin] C:\xampp8\htdocs\intranet\system\base\Application.php - 21
[02-Aug-2021 15:44:37 Europe/Berlin] #0 C:\xampp8\htdocs\intranet\index.php(19): system\base\Application->handleRequest()
#1 {main}
[02-Aug-2021 15:47:34 Europe/Berlin] call_user_func(): Argument #1 ($callback) must be a valid callback, class HomeController does not have a method ""
[02-Aug-2021 15:47:34 Europe/Berlin] C:\xampp8\htdocs\intranet\system\base\Application.php - 24
[02-Aug-2021 15:47:34 Europe/Berlin] #0 C:\xampp8\htdocs\intranet\system\base\Application.php(24): call_user_func(Array, Array)
#1 C:\xampp8\htdocs\intranet\index.php(19): system\base\Application->handleRequest()
#2 {main}
[02-Aug-2021 15:47:35 Europe/Berlin] Class "LocalhostController" not found
[02-Aug-2021 15:47:35 Europe/Berlin] C:\xampp8\htdocs\intranet\system\base\Application.php - 21
[02-Aug-2021 15:47:35 Europe/Berlin] #0 C:\xampp8\htdocs\intranet\index.php(19): system\base\Application->handleRequest()
#1 {main}
[02-Aug-2021 15:48:37 Europe/Berlin] call_user_func(): Argument #1 ($callback) must be a valid callback, class HomeController does not have a method ""
[02-Aug-2021 15:48:37 Europe/Berlin] C:\xampp8\htdocs\intranet\system\base\Application.php - 24
[02-Aug-2021 15:48:37 Europe/Berlin] #0 C:\xampp8\htdocs\intranet\system\base\Application.php(24): call_user_func(Array, Array)
#1 C:\xampp8\htdocs\intranet\index.php(19): system\base\Application->handleRequest()
#2 {main}
[02-Aug-2021 15:48:37 Europe/Berlin] PHP Warning:  Cannot modify header information - headers already sent by (output started at C:\xampp8\htdocs\intranet\app\views\cache\dashboard.php:11) in C:\xampp8\htdocs\intranet\system\handlers\ExceptionHandler.php on line 21
[02-Aug-2021 15:48:37 Europe/Berlin] Class "LocalhostController" not found
[02-Aug-2021 15:48:37 Europe/Berlin] C:\xampp8\htdocs\intranet\system\base\Application.php - 21
[02-Aug-2021 15:48:37 Europe/Berlin] #0 C:\xampp8\htdocs\intranet\index.php(19): system\base\Application->handleRequest()
#1 {main}
[02-Aug-2021 15:49:16 Europe/Berlin] call_user_func(): Argument #1 ($callback) must be a valid callback, class HomeController does not have a method ""
[02-Aug-2021 15:49:16 Europe/Berlin] C:\xampp8\htdocs\intranet\system\base\Application.php - 24
[02-Aug-2021 15:49:16 Europe/Berlin] #0 C:\xampp8\htdocs\intranet\system\base\Application.php(24): call_user_func(Array, Array)
#1 C:\xampp8\htdocs\intranet\index.php(19): system\base\Application->handleRequest()
#2 {main}
[02-Aug-2021 15:49:16 Europe/Berlin] Class "LocalhostController" not found
[02-Aug-2021 15:49:16 Europe/Berlin] C:\xampp8\htdocs\intranet\system\base\Application.php - 21
[02-Aug-2021 15:49:16 Europe/Berlin] #0 C:\xampp8\htdocs\intranet\index.php(19): system\base\Application->handleRequest()
#1 {main}
[02-Aug-2021 17:09:05 Europe/Berlin] call_user_func(): Argument #1 ($callback) must be a valid callback, class HomeController does not have a method ""
[02-Aug-2021 17:09:05 Europe/Berlin] C:\xampp8\htdocs\intranet\system\base\Application.php - 24
[02-Aug-2021 17:09:05 Europe/Berlin] #0 C:\xampp8\htdocs\intranet\system\base\Application.php(24): call_user_func(Array, Array)
#1 C:\xampp8\htdocs\intranet\index.php(19): system\base\Application->handleRequest()
#2 {main}
[02-Aug-2021 17:09:06 Europe/Berlin] Class "LocalhostController" not found
[02-Aug-2021 17:09:06 Europe/Berlin] C:\xampp8\htdocs\intranet\system\base\Application.php - 21
[02-Aug-2021 17:09:06 Europe/Berlin] #0 C:\xampp8\htdocs\intranet\index.php(19): system\base\Application->handleRequest()
#1 {main}
[02-Aug-2021 17:09:09 Europe/Berlin] call_user_func(): Argument #1 ($callback) must be a valid callback, class HomeController does not have a method ""
[02-Aug-2021 17:09:09 Europe/Berlin] C:\xampp8\htdocs\intranet\system\base\Application.php - 24
[02-Aug-2021 17:09:09 Europe/Berlin] #0 C:\xampp8\htdocs\intranet\system\base\Application.php(24): call_user_func(Array, Array)
#1 C:\xampp8\htdocs\intranet\index.php(19): system\base\Application->handleRequest()
#2 {main}
[02-Aug-2021 17:09:09 Europe/Berlin] Class "LocalhostController" not found
[02-Aug-2021 17:09:09 Europe/Berlin] C:\xampp8\htdocs\intranet\system\base\Application.php - 21
[02-Aug-2021 17:09:09 Europe/Berlin] #0 C:\xampp8\htdocs\intranet\index.php(19): system\base\Application->handleRequest()
#1 {main}
[02-Aug-2021 17:13:32 Europe/Berlin] call_user_func(): Argument #1 ($callback) must be a valid callback, class HomeController does not have a method ""
[02-Aug-2021 17:13:32 Europe/Berlin] C:\xampp8\htdocs\intranet\system\base\Application.php - 24
[02-Aug-2021 17:13:32 Europe/Berlin] #0 C:\xampp8\htdocs\intranet\system\base\Application.php(24): call_user_func(Array, Array)
#1 C:\xampp8\htdocs\intranet\index.php(19): system\base\Application->handleRequest()
#2 {main}
[02-Aug-2021 17:13:33 Europe/Berlin] Class "LocalhostController" not found
[02-Aug-2021 17:13:33 Europe/Berlin] C:\xampp8\htdocs\intranet\system\base\Application.php - 21
[02-Aug-2021 17:13:33 Europe/Berlin] #0 C:\xampp8\htdocs\intranet\index.php(19): system\base\Application->handleRequest()
#1 {main}
[02-Aug-2021 17:13:40 Europe/Berlin] call_user_func(): Argument #1 ($callback) must be a valid callback, class HomeController does not have a method ""
[02-Aug-2021 17:13:40 Europe/Berlin] C:\xampp8\htdocs\intranet\system\base\Application.php - 24
[02-Aug-2021 17:13:40 Europe/Berlin] #0 C:\xampp8\htdocs\intranet\system\base\Application.php(24): call_user_func(Array, Array)
#1 C:\xampp8\htdocs\intranet\index.php(19): system\base\Application->handleRequest()
#2 {main}
[02-Aug-2021 17:13:40 Europe/Berlin] Class "LocalhostController" not found
[02-Aug-2021 17:13:40 Europe/Berlin] C:\xampp8\htdocs\intranet\system\base\Application.php - 21
[02-Aug-2021 17:13:40 Europe/Berlin] #0 C:\xampp8\htdocs\intranet\index.php(19): system\base\Application->handleRequest()
#1 {main}
[02-Aug-2021 17:13:42 Europe/Berlin] call_user_func(): Argument #1 ($callback) must be a valid callback, class HomeController does not have a method ""
[02-Aug-2021 17:13:42 Europe/Berlin] C:\xampp8\htdocs\intranet\system\base\Application.php - 24
[02-Aug-2021 17:13:42 Europe/Berlin] #0 C:\xampp8\htdocs\intranet\system\base\Application.php(24): call_user_func(Array, Array)
#1 C:\xampp8\htdocs\intranet\index.php(19): system\base\Application->handleRequest()
#2 {main}
[02-Aug-2021 17:13:42 Europe/Berlin] Class "LocalhostController" not found
[02-Aug-2021 17:13:42 Europe/Berlin] C:\xampp8\htdocs\intranet\system\base\Application.php - 21
[02-Aug-2021 17:13:42 Europe/Berlin] #0 C:\xampp8\htdocs\intranet\index.php(19): system\base\Application->handleRequest()
#1 {main}
[02-Aug-2021 17:14:25 Europe/Berlin] call_user_func(): Argument #1 ($callback) must be a valid callback, class HomeController does not have a method ""
[02-Aug-2021 17:14:25 Europe/Berlin] C:\xampp8\htdocs\intranet\system\base\Application.php - 24
[02-Aug-2021 17:14:25 Europe/Berlin] #0 C:\xampp8\htdocs\intranet\system\base\Application.php(24): call_user_func(Array, Array)
#1 C:\xampp8\htdocs\intranet\index.php(19): system\base\Application->handleRequest()
#2 {main}
[02-Aug-2021 17:14:25 Europe/Berlin] Class "LocalhostController" not found
[02-Aug-2021 17:14:25 Europe/Berlin] C:\xampp8\htdocs\intranet\system\base\Application.php - 21
[02-Aug-2021 17:14:25 Europe/Berlin] #0 C:\xampp8\htdocs\intranet\index.php(19): system\base\Application->handleRequest()
#1 {main}
[02-Aug-2021 17:15:45 Europe/Berlin] call_user_func(): Argument #1 ($callback) must be a valid callback, class HomeController does not have a method ""
[02-Aug-2021 17:15:45 Europe/Berlin] C:\xampp8\htdocs\intranet\system\base\Application.php - 24
[02-Aug-2021 17:15:45 Europe/Berlin] #0 C:\xampp8\htdocs\intranet\system\base\Application.php(24): call_user_func(Array, Array)
#1 C:\xampp8\htdocs\intranet\index.php(19): system\base\Application->handleRequest()
#2 {main}
[02-Aug-2021 17:15:45 Europe/Berlin] Class "LocalhostController" not found
[02-Aug-2021 17:15:45 Europe/Berlin] C:\xampp8\htdocs\intranet\system\base\Application.php - 21
[02-Aug-2021 17:15:45 Europe/Berlin] #0 C:\xampp8\htdocs\intranet\index.php(19): system\base\Application->handleRequest()
#1 {main}
[02-Aug-2021 17:18:14 Europe/Berlin] call_user_func(): Argument #1 ($callback) must be a valid callback, class HomeController does not have a method ""
[02-Aug-2021 17:18:14 Europe/Berlin] C:\xampp8\htdocs\intranet\system\base\Application.php - 24
[02-Aug-2021 17:18:14 Europe/Berlin] #0 C:\xampp8\htdocs\intranet\system\base\Application.php(24): call_user_func(Array, Array)
#1 C:\xampp8\htdocs\intranet\index.php(19): system\base\Application->handleRequest()
#2 {main}
[02-Aug-2021 17:18:14 Europe/Berlin] Class "LocalhostController" not found
[02-Aug-2021 17:18:14 Europe/Berlin] C:\xampp8\htdocs\intranet\system\base\Application.php - 21
[02-Aug-2021 17:18:14 Europe/Berlin] #0 C:\xampp8\htdocs\intranet\index.php(19): system\base\Application->handleRequest()
#1 {main}
[02-Aug-2021 19:37:15 Europe/Berlin] call_user_func(): Argument #1 ($callback) must be a valid callback, class HomeController does not have a method ""
[02-Aug-2021 19:37:15 Europe/Berlin] C:\xampp8\htdocs\intranet\system\base\Application.php - 24
[02-Aug-2021 19:37:15 Europe/Berlin] #0 C:\xampp8\htdocs\intranet\system\base\Application.php(24): call_user_func(Array, Array)
#1 C:\xampp8\htdocs\intranet\index.php(19): system\base\Application->handleRequest()
#2 {main}
[02-Aug-2021 19:37:15 Europe/Berlin] Class "LocalhostController" not found
[02-Aug-2021 19:37:15 Europe/Berlin] C:\xampp8\htdocs\intranet\system\base\Application.php - 21
[02-Aug-2021 19:37:15 Europe/Berlin] #0 C:\xampp8\htdocs\intranet\index.php(19): system\base\Application->handleRequest()
#1 {main}
[02-Aug-2021 19:42:48 Europe/Berlin] call_user_func(): Argument #1 ($callback) must be a valid callback, class HomeController does not have a method ""
[02-Aug-2021 19:42:48 Europe/Berlin] C:\xampp8\htdocs\intranet\system\base\Application.php - 24
[02-Aug-2021 19:42:48 Europe/Berlin] #0 C:\xampp8\htdocs\intranet\system\base\Application.php(24): call_user_func(Array, Array)
#1 C:\xampp8\htdocs\intranet\index.php(19): system\base\Application->handleRequest()
#2 {main}
[02-Aug-2021 19:42:48 Europe/Berlin] Class "LocalhostController" not found
[02-Aug-2021 19:42:48 Europe/Berlin] C:\xampp8\htdocs\intranet\system\base\Application.php - 21
[02-Aug-2021 19:42:48 Europe/Berlin] #0 C:\xampp8\htdocs\intranet\index.php(19): system\base\Application->handleRequest()
#1 {main}
[02-Aug-2021 19:46:06 Europe/Berlin] call_user_func(): Argument #1 ($callback) must be a valid callback, class HomeController does not have a method ""
[02-Aug-2021 19:46:06 Europe/Berlin] C:\xampp8\htdocs\intranet\system\base\Application.php - 24
[02-Aug-2021 19:46:06 Europe/Berlin] #0 C:\xampp8\htdocs\intranet\system\base\Application.php(24): call_user_func(Array, Array)
#1 C:\xampp8\htdocs\intranet\index.php(19): system\base\Application->handleRequest()
#2 {main}
[02-Aug-2021 19:46:06 Europe/Berlin] Class "LocalhostController" not found
[02-Aug-2021 19:46:06 Europe/Berlin] C:\xampp8\htdocs\intranet\system\base\Application.php - 21
[02-Aug-2021 19:46:06 Europe/Berlin] #0 C:\xampp8\htdocs\intranet\index.php(19): system\base\Application->handleRequest()
#1 {main}
[02-Aug-2021 19:47:29 Europe/Berlin] call_user_func(): Argument #1 ($callback) must be a valid callback, class HomeController does not have a method ""
[02-Aug-2021 19:47:29 Europe/Berlin] C:\xampp8\htdocs\intranet\system\base\Application.php - 24
[02-Aug-2021 19:47:29 Europe/Berlin] #0 C:\xampp8\htdocs\intranet\system\base\Application.php(24): call_user_func(Array, Array)
#1 C:\xampp8\htdocs\intranet\index.php(19): system\base\Application->handleRequest()
#2 {main}
[02-Aug-2021 19:47:29 Europe/Berlin] PHP Warning:  Cannot modify header information - headers already sent by (output started at C:\xampp8\htdocs\intranet\system\handlers\ExceptionHandler.php:16) in C:\xampp8\htdocs\intranet\system\handlers\ExceptionHandler.php on line 21
[02-Aug-2021 19:47:29 Europe/Berlin] Class "LocalhostController" not found
[02-Aug-2021 19:47:29 Europe/Berlin] C:\xampp8\htdocs\intranet\system\base\Application.php - 21
[02-Aug-2021 19:47:29 Europe/Berlin] #0 C:\xampp8\htdocs\intranet\index.php(19): system\base\Application->handleRequest()
#1 {main}
[02-Aug-2021 19:47:48 Europe/Berlin] call_user_func(): Argument #1 ($callback) must be a valid callback, class HomeController does not have a method ""
[02-Aug-2021 19:47:48 Europe/Berlin] C:\xampp8\htdocs\intranet\system\base\Application.php - 24
[02-Aug-2021 19:47:48 Europe/Berlin] #0 C:\xampp8\htdocs\intranet\system\base\Application.php(24): call_user_func(Array, Array)
#1 C:\xampp8\htdocs\intranet\index.php(19): system\base\Application->handleRequest()
#2 {main}
[02-Aug-2021 19:47:48 Europe/Berlin] PHP Warning:  Cannot modify header information - headers already sent by (output started at C:\xampp8\htdocs\intranet\system\handlers\ExceptionHandler.php:16) in C:\xampp8\htdocs\intranet\system\handlers\ExceptionHandler.php on line 21
[02-Aug-2021 19:47:49 Europe/Berlin] Class "LocalhostController" not found
[02-Aug-2021 19:47:49 Europe/Berlin] C:\xampp8\htdocs\intranet\system\base\Application.php - 21
[02-Aug-2021 19:47:49 Europe/Berlin] #0 C:\xampp8\htdocs\intranet\index.php(19): system\base\Application->handleRequest()
#1 {main}
[02-Aug-2021 19:48:12 Europe/Berlin] call_user_func(): Argument #1 ($callback) must be a valid callback, class HomeController does not have a method ""
[02-Aug-2021 19:48:12 Europe/Berlin] C:\xampp8\htdocs\intranet\system\base\Application.php - 24
[02-Aug-2021 19:48:12 Europe/Berlin] #0 C:\xampp8\htdocs\intranet\system\base\Application.php(24): call_user_func(Array, Array)
#1 C:\xampp8\htdocs\intranet\index.php(19): system\base\Application->handleRequest()
#2 {main}
[02-Aug-2021 19:48:12 Europe/Berlin] PHP Warning:  Cannot modify header information - headers already sent by (output started at C:\xampp8\htdocs\intranet\system\handlers\ExceptionHandler.php:16) in C:\xampp8\htdocs\intranet\system\handlers\ExceptionHandler.php on line 21
[02-Aug-2021 19:48:12 Europe/Berlin] Class "LocalhostController" not found
[02-Aug-2021 19:48:12 Europe/Berlin] C:\xampp8\htdocs\intranet\system\base\Application.php - 21
[02-Aug-2021 19:48:12 Europe/Berlin] #0 C:\xampp8\htdocs\intranet\index.php(19): system\base\Application->handleRequest()
#1 {main}
[02-Aug-2021 19:49:28 Europe/Berlin] call_user_func(): Argument #1 ($callback) must be a valid callback, class HomeController does not have a method ""
[02-Aug-2021 19:49:28 Europe/Berlin] C:\xampp8\htdocs\intranet\system\base\Application.php - 24
[02-Aug-2021 19:49:28 Europe/Berlin] #0 C:\xampp8\htdocs\intranet\system\base\Application.php(24): call_user_func(Array, Array)
#1 C:\xampp8\htdocs\intranet\index.php(19): system\base\Application->handleRequest()
#2 {main}
[02-Aug-2021 19:49:28 Europe/Berlin] PHP Warning:  Cannot modify header information - headers already sent by (output started at C:\xampp8\htdocs\intranet\system\handlers\ExceptionHandler.php:16) in C:\xampp8\htdocs\intranet\system\handlers\ExceptionHandler.php on line 21
[02-Aug-2021 19:49:28 Europe/Berlin] Class "LocalhostController" not found
[02-Aug-2021 19:49:28 Europe/Berlin] C:\xampp8\htdocs\intranet\system\base\Application.php - 21
[02-Aug-2021 19:49:28 Europe/Berlin] #0 C:\xampp8\htdocs\intranet\index.php(19): system\base\Application->handleRequest()
#1 {main}
[02-Aug-2021 21:22:52 Europe/Berlin] call_user_func(): Argument #1 ($callback) must be a valid callback, class HomeController does not have a method ""
[02-Aug-2021 21:22:52 Europe/Berlin] C:\xampp8\htdocs\intranet\system\base\Application.php - 24
[02-Aug-2021 21:22:52 Europe/Berlin] #0 C:\xampp8\htdocs\intranet\system\base\Application.php(24): call_user_func(Array, Array)
#1 C:\xampp8\htdocs\intranet\index.php(19): system\base\Application->handleRequest()
#2 {main}
[02-Aug-2021 21:22:52 Europe/Berlin] PHP Warning:  Cannot modify header information - headers already sent by (output started at C:\xampp8\htdocs\intranet\system\handlers\ExceptionHandler.php:16) in C:\xampp8\htdocs\intranet\system\handlers\ExceptionHandler.php on line 21
[02-Aug-2021 21:22:52 Europe/Berlin] Class "LocalhostController" not found
[02-Aug-2021 21:22:52 Europe/Berlin] C:\xampp8\htdocs\intranet\system\base\Application.php - 21
[02-Aug-2021 21:22:52 Europe/Berlin] #0 C:\xampp8\htdocs\intranet\index.php(19): system\base\Application->handleRequest()
#1 {main}
[02-Aug-2021 21:23:28 Europe/Berlin] call_user_func(): Argument #1 ($callback) must be a valid callback, class HomeController does not have a method ""
[02-Aug-2021 21:23:28 Europe/Berlin] C:\xampp8\htdocs\intranet\system\base\Application.php - 24
[02-Aug-2021 21:23:28 Europe/Berlin] #0 C:\xampp8\htdocs\intranet\system\base\Application.php(24): call_user_func(Array, Array)
#1 C:\xampp8\htdocs\intranet\index.php(19): system\base\Application->handleRequest()
#2 {main}
[02-Aug-2021 21:23:28 Europe/Berlin] PHP Warning:  Cannot modify header information - headers already sent by (output started at C:\xampp8\htdocs\intranet\system\handlers\ExceptionHandler.php:16) in C:\xampp8\htdocs\intranet\system\handlers\ExceptionHandler.php on line 21
[02-Aug-2021 21:23:28 Europe/Berlin] Class "LocalhostController" not found
[02-Aug-2021 21:23:28 Europe/Berlin] C:\xampp8\htdocs\intranet\system\base\Application.php - 21
[02-Aug-2021 21:23:28 Europe/Berlin] #0 C:\xampp8\htdocs\intranet\index.php(19): system\base\Application->handleRequest()
#1 {main}
[02-Aug-2021 21:23:40 Europe/Berlin] call_user_func(): Argument #1 ($callback) must be a valid callback, class HomeController does not have a method ""
[02-Aug-2021 21:23:40 Europe/Berlin] C:\xampp8\htdocs\intranet\system\base\Application.php - 24
[02-Aug-2021 21:23:40 Europe/Berlin] #0 C:\xampp8\htdocs\intranet\system\base\Application.php(24): call_user_func(Array, Array)
#1 C:\xampp8\htdocs\intranet\index.php(19): system\base\Application->handleRequest()
#2 {main}
[02-Aug-2021 21:23:40 Europe/Berlin] PHP Warning:  Cannot modify header information - headers already sent by (output started at C:\xampp8\htdocs\intranet\system\handlers\ExceptionHandler.php:16) in C:\xampp8\htdocs\intranet\system\handlers\ExceptionHandler.php on line 21
[02-Aug-2021 21:23:40 Europe/Berlin] Class "LocalhostController" not found
[02-Aug-2021 21:23:40 Europe/Berlin] C:\xampp8\htdocs\intranet\system\base\Application.php - 21
[02-Aug-2021 21:23:40 Europe/Berlin] #0 C:\xampp8\htdocs\intranet\index.php(19): system\base\Application->handleRequest()
#1 {main}
[02-Aug-2021 21:52:39 Europe/Berlin] call_user_func(): Argument #1 ($callback) must be a valid callback, class HomeController does not have a method ""
[02-Aug-2021 21:52:39 Europe/Berlin] C:\xampp8\htdocs\intranet\system\base\Application.php - 24
[02-Aug-2021 21:52:39 Europe/Berlin] #0 C:\xampp8\htdocs\intranet\system\base\Application.php(24): call_user_func(Array, Array)
#1 C:\xampp8\htdocs\intranet\index.php(19): system\base\Application->handleRequest()
#2 {main}
[02-Aug-2021 21:52:39 Europe/Berlin] PHP Warning:  Cannot modify header information - headers already sent by (output started at C:\xampp8\htdocs\intranet\app\views\cache\dashboard.php:11) in C:\xampp8\htdocs\intranet\system\handlers\ExceptionHandler.php on line 21
[02-Aug-2021 21:52:40 Europe/Berlin] Class "LocalhostController" not found
[02-Aug-2021 21:52:40 Europe/Berlin] C:\xampp8\htdocs\intranet\system\base\Application.php - 21
[02-Aug-2021 21:52:40 Europe/Berlin] #0 C:\xampp8\htdocs\intranet\index.php(19): system\base\Application->handleRequest()
#1 {main}
[02-Aug-2021 21:53:34 Europe/Berlin] call_user_func(): Argument #1 ($callback) must be a valid callback, class HomeController does not have a method ""
[02-Aug-2021 21:53:34 Europe/Berlin] C:\xampp8\htdocs\intranet\system\base\Application.php - 24
[02-Aug-2021 21:53:34 Europe/Berlin] #0 C:\xampp8\htdocs\intranet\system\base\Application.php(24): call_user_func(Array, Array)
#1 C:\xampp8\htdocs\intranet\index.php(19): system\base\Application->handleRequest()
#2 {main}
[02-Aug-2021 21:53:34 Europe/Berlin] PHP Warning:  Cannot modify header information - headers already sent by (output started at C:\xampp8\htdocs\intranet\app\views\cache\dashboard.php:11) in C:\xampp8\htdocs\intranet\system\handlers\ExceptionHandler.php on line 21
[02-Aug-2021 21:53:34 Europe/Berlin] Class "LocalhostController" not found
[02-Aug-2021 21:53:34 Europe/Berlin] C:\xampp8\htdocs\intranet\system\base\Application.php - 21
[02-Aug-2021 21:53:34 Europe/Berlin] #0 C:\xampp8\htdocs\intranet\index.php(19): system\base\Application->handleRequest()
#1 {main}
[02-Aug-2021 22:03:49 Europe/Berlin] call_user_func(): Argument #1 ($callback) must be a valid callback, class HomeController does not have a method ""
[02-Aug-2021 22:03:49 Europe/Berlin] C:\xampp8\htdocs\intranet\system\base\Application.php - 25
[02-Aug-2021 22:03:49 Europe/Berlin] #0 C:\xampp8\htdocs\intranet\system\base\Application.php(25): call_user_func(Array, Array)
#1 C:\xampp8\htdocs\intranet\index.php(19): system\base\Application->handleRequest()
#2 {main}
[02-Aug-2021 22:03:49 Europe/Berlin] PHP Warning:  Cannot modify header information - headers already sent by (output started at C:\xampp8\htdocs\intranet\app\views\cache\dashboard.php:11) in C:\xampp8\htdocs\intranet\system\handlers\ExceptionHandler.php on line 21
[02-Aug-2021 22:03:49 Europe/Berlin] Class "LocalhostController" not found
[02-Aug-2021 22:03:49 Europe/Berlin] C:\xampp8\htdocs\intranet\system\base\Application.php - 22
[02-Aug-2021 22:03:49 Europe/Berlin] #0 C:\xampp8\htdocs\intranet\index.php(19): system\base\Application->handleRequest()
#1 {main}
[02-Aug-2021 22:09:09 Europe/Berlin] call_user_func(): Argument #1 ($callback) must be a valid callback, class HomeController does not have a method ""
[02-Aug-2021 22:09:09 Europe/Berlin] C:\xampp8\htdocs\intranet\system\base\Application.php - 24
[02-Aug-2021 22:09:09 Europe/Berlin] #0 C:\xampp8\htdocs\intranet\system\base\Application.php(24): call_user_func(Array, Array)
#1 C:\xampp8\htdocs\intranet\index.php(19): system\base\Application->handleRequest('main')
#2 {main}
[02-Aug-2021 22:09:09 Europe/Berlin] PHP Warning:  Cannot modify header information - headers already sent by (output started at C:\xampp8\htdocs\intranet\app\views\cache\dashboard.php:11) in C:\xampp8\htdocs\intranet\system\handlers\ExceptionHandler.php on line 21
[02-Aug-2021 22:09:09 Europe/Berlin] Class "LocalhostController" not found
[02-Aug-2021 22:09:09 Europe/Berlin] C:\xampp8\htdocs\intranet\system\base\Application.php - 21
[02-Aug-2021 22:09:09 Europe/Berlin] #0 C:\xampp8\htdocs\intranet\index.php(19): system\base\Application->handleRequest('main')
#1 {main}
[02-Aug-2021 22:11:07 Europe/Berlin] call_user_func(): Argument #1 ($callback) must be a valid callback, class HomeController does not have a method ""
[02-Aug-2021 22:11:07 Europe/Berlin] C:\xampp8\htdocs\intranet\system\base\Application.php - 24
[02-Aug-2021 22:11:07 Europe/Berlin] #0 C:\xampp8\htdocs\intranet\system\base\Application.php(24): call_user_func(Array, Array)
#1 C:\xampp8\htdocs\intranet\index.php(19): system\base\Application->handleRequest('main')
#2 {main}
[02-Aug-2021 22:13:01 Europe/Berlin] call_user_func(): Argument #1 ($callback) must be a valid callback, class HomeController does not have a method ""
[02-Aug-2021 22:13:01 Europe/Berlin] C:\xampp8\htdocs\intranet\system\base\Application.php - 24
[02-Aug-2021 22:13:01 Europe/Berlin] #0 C:\xampp8\htdocs\intranet\system\base\Application.php(24): call_user_func(Array, Array)
#1 C:\xampp8\htdocs\intranet\index.php(19): system\base\Application->handleRequest('main')
#2 {main}
[02-Aug-2021 22:13:01 Europe/Berlin] Class "LocalhostController" not found
[02-Aug-2021 22:13:01 Europe/Berlin] C:\xampp8\htdocs\intranet\system\base\Application.php - 21
[02-Aug-2021 22:13:01 Europe/Berlin] #0 C:\xampp8\htdocs\intranet\index.php(19): system\base\Application->handleRequest('main')
#1 {main}
[02-Aug-2021 22:14:17 Europe/Berlin] call_user_func(): Argument #1 ($callback) must be a valid callback, class HomeController does not have a method ""
[02-Aug-2021 22:14:17 Europe/Berlin] C:\xampp8\htdocs\intranet\system\base\Application.php - 24
[02-Aug-2021 22:14:17 Europe/Berlin] #0 C:\xampp8\htdocs\intranet\system\base\Application.php(24): call_user_func(Array, Array)
#1 C:\xampp8\htdocs\intranet\index.php(19): system\base\Application->handleRequest('main')
#2 {main}
[02-Aug-2021 22:14:17 Europe/Berlin] Class "LocalhostController" not found
[02-Aug-2021 22:14:17 Europe/Berlin] C:\xampp8\htdocs\intranet\system\base\Application.php - 21
[02-Aug-2021 22:14:17 Europe/Berlin] #0 C:\xampp8\htdocs\intranet\index.php(19): system\base\Application->handleRequest('main')
#1 {main}
[02-Aug-2021 22:17:36 Europe/Berlin] call_user_func(): Argument #1 ($callback) must be a valid callback, class HomeController does not have a method ""
[02-Aug-2021 22:17:36 Europe/Berlin] C:\xampp8\htdocs\intranet\system\base\Application.php - 25
[02-Aug-2021 22:17:36 Europe/Berlin] #0 C:\xampp8\htdocs\intranet\system\base\Application.php(25): call_user_func(Array, Array)
#1 C:\xampp8\htdocs\intranet\index.php(19): system\base\Application->handleRequest('main')
#2 {main}
[02-Aug-2021 22:17:38 Europe/Berlin] call_user_func(): Argument #1 ($callback) must be a valid callback, class HomeController does not have a method ""
[02-Aug-2021 22:17:38 Europe/Berlin] C:\xampp8\htdocs\intranet\system\base\Application.php - 25
[02-Aug-2021 22:17:38 Europe/Berlin] #0 C:\xampp8\htdocs\intranet\system\base\Application.php(25): call_user_func(Array, Array)
#1 C:\xampp8\htdocs\intranet\index.php(19): system\base\Application->handleRequest('main')
#2 {main}
[02-Aug-2021 22:18:31 Europe/Berlin] call_user_func(): Argument #1 ($callback) must be a valid callback, class HomeController does not have a method ""
[02-Aug-2021 22:18:31 Europe/Berlin] C:\xampp8\htdocs\intranet\system\base\Application.php - 25
[02-Aug-2021 22:18:31 Europe/Berlin] #0 C:\xampp8\htdocs\intranet\system\base\Application.php(25): call_user_func(Array, Array)
#1 C:\xampp8\htdocs\intranet\index.php(19): system\base\Application->handleRequest('main')
#2 {main}
[02-Aug-2021 22:18:31 Europe/Berlin] Class "LocalhostController" not found
[02-Aug-2021 22:18:31 Europe/Berlin] C:\xampp8\htdocs\intranet\system\base\Application.php - 22
[02-Aug-2021 22:18:31 Europe/Berlin] #0 C:\xampp8\htdocs\intranet\index.php(19): system\base\Application->handleRequest('main')
#1 {main}
[03-Aug-2021 09:21:53 Europe/Berlin] call_user_func(): Argument #1 ($callback) must be a valid callback, class HomeController does not have a method ""
[03-Aug-2021 09:21:53 Europe/Berlin] C:\xampp8\htdocs\intranet\system\base\Application.php - 25
[03-Aug-2021 09:21:53 Europe/Berlin] #0 C:\xampp8\htdocs\intranet\system\base\Application.php(25): call_user_func(Array, Array)
#1 C:\xampp8\htdocs\intranet\index.php(19): system\base\Application->handleRequest('main')
#2 {main}
[03-Aug-2021 09:21:53 Europe/Berlin] Class "LocalhostController" not found
[03-Aug-2021 09:21:53 Europe/Berlin] C:\xampp8\htdocs\intranet\system\base\Application.php - 22
[03-Aug-2021 09:21:53 Europe/Berlin] #0 C:\xampp8\htdocs\intranet\index.php(19): system\base\Application->handleRequest('main')
#1 {main}
[03-Aug-2021 09:23:11 Europe/Berlin] call_user_func(): Argument #1 ($callback) must be a valid callback, class HomeController does not have a method ""
[03-Aug-2021 09:23:11 Europe/Berlin] C:\xampp8\htdocs\intranet\system\base\Application.php - 25
[03-Aug-2021 09:23:11 Europe/Berlin] #0 C:\xampp8\htdocs\intranet\system\base\Application.php(25): call_user_func(Array, Array)
#1 C:\xampp8\htdocs\intranet\index.php(19): system\base\Application->handleRequest('main')
#2 {main}
[03-Aug-2021 09:23:11 Europe/Berlin] Class "LocalhostController" not found
[03-Aug-2021 09:23:11 Europe/Berlin] C:\xampp8\htdocs\intranet\system\base\Application.php - 22
[03-Aug-2021 09:23:11 Europe/Berlin] #0 C:\xampp8\htdocs\intranet\index.php(19): system\base\Application->handleRequest('main')
#1 {main}
[03-Aug-2021 09:45:04 Europe/Berlin] Undefined constant "employee_count"
[03-Aug-2021 09:45:04 Europe/Berlin] C:\xampp8\htdocs\intranet\app\views\cache\dashboard.php - 55
[03-Aug-2021 09:45:04 Europe/Berlin] #0 C:\xampp8\htdocs\intranet\system\base\View.php(24): require()
#1 C:\xampp8\htdocs\intranet\system\base\Controller.php(28): system\base\View::render('dashboard', Array)
#2 C:\xampp8\htdocs\intranet\app\controllers\HomeController.php(7): system\base\Controller->render('dashboard')
#3 C:\xampp8\htdocs\intranet\system\base\Application.php(22): HomeController->__construct()
#4 C:\xampp8\htdocs\intranet\index.php(19): system\base\Application->handleRequest('main')
#5 {main}
[03-Aug-2021 09:45:11 Europe/Berlin] PHP Warning:  Undefined variable $employee_count in C:\xampp8\htdocs\intranet\app\views\cache\dashboard.php on line 55
[03-Aug-2021 12:32:14 Europe/Berlin] syntax error, unexpected token "&", expecting ")"
[03-Aug-2021 12:32:14 Europe/Berlin] C:\xampp8\htdocs\intranet\system\base\DotData.php - 73
[03-Aug-2021 12:32:14 Europe/Berlin] #0 C:\xampp8\htdocs\intranet\index.php(15): include()
#1 {main}
[03-Aug-2021 12:42:17 Europe/Berlin] syntax error, unexpected token "{"
[03-Aug-2021 12:42:17 Europe/Berlin] C:\xampp8\htdocs\intranet\system\base\DotData.php - 273
[03-Aug-2021 12:42:17 Europe/Berlin] #0 C:\xampp8\htdocs\intranet\index.php(15): include()
#1 {main}
[03-Aug-2021 14:59:01 Europe/Berlin] PHP Warning:  Array to string conversion in C:\xampp8\htdocs\intranet\system\base\Model.php on line 40
[03-Aug-2021 14:59:02 Europe/Berlin] PHP Warning:  Undefined variable $employee in C:\xampp8\htdocs\intranet\app\views\cache\editEmployee.php on line 68
[03-Aug-2021 14:59:02 Europe/Berlin] PHP Warning:  Attempt to read property "first_name" on null in C:\xampp8\htdocs\intranet\app\views\cache\editEmployee.php on line 68
[03-Aug-2021 14:59:02 Europe/Berlin] PHP Warning:  Undefined variable $employee in C:\xampp8\htdocs\intranet\app\views\cache\editEmployee.php on line 71
[03-Aug-2021 14:59:02 Europe/Berlin] PHP Warning:  Attempt to read property "surname" on null in C:\xampp8\htdocs\intranet\app\views\cache\editEmployee.php on line 71
[03-Aug-2021 14:59:02 Europe/Berlin] PHP Warning:  Undefined variable $employee in C:\xampp8\htdocs\intranet\app\views\cache\editEmployee.php on line 74
[03-Aug-2021 14:59:02 Europe/Berlin] PHP Warning:  Attempt to read property "email" on null in C:\xampp8\htdocs\intranet\app\views\cache\editEmployee.php on line 74
[03-Aug-2021 14:59:02 Europe/Berlin] PHP Warning:  Undefined variable $employee in C:\xampp8\htdocs\intranet\app\views\cache\editEmployee.php on line 77
[03-Aug-2021 14:59:02 Europe/Berlin] PHP Warning:  Attempt to read property "contact_number" on null in C:\xampp8\htdocs\intranet\app\views\cache\editEmployee.php on line 77
[03-Aug-2021 14:59:02 Europe/Berlin] PHP Warning:  Undefined variable $employee in C:\xampp8\htdocs\intranet\app\views\cache\editEmployee.php on line 80
[03-Aug-2021 14:59:02 Europe/Berlin] PHP Warning:  Attempt to read property "start_date" on null in C:\xampp8\htdocs\intranet\app\views\cache\editEmployee.php on line 80
[03-Aug-2021 14:59:02 Europe/Berlin] PHP Warning:  Undefined variable $employee in C:\xampp8\htdocs\intranet\app\views\cache\editEmployee.php on line 86
[03-Aug-2021 14:59:02 Europe/Berlin] PHP Warning:  Attempt to read property "employee_code" on null in C:\xampp8\htdocs\intranet\app\views\cache\editEmployee.php on line 86
[03-Aug-2021 14:59:33 Europe/Berlin] PHP Warning:  Array to string conversion in C:\xampp8\htdocs\intranet\system\base\Model.php on line 40
[03-Aug-2021 14:59:34 Europe/Berlin] PHP Warning:  Undefined variable $employee in C:\xampp8\htdocs\intranet\app\views\cache\editEmployee.php on line 68
[03-Aug-2021 14:59:34 Europe/Berlin] PHP Warning:  Attempt to read property "first_name" on null in C:\xampp8\htdocs\intranet\app\views\cache\editEmployee.php on line 68
[03-Aug-2021 14:59:34 Europe/Berlin] PHP Warning:  Undefined variable $employee in C:\xampp8\htdocs\intranet\app\views\cache\editEmployee.php on line 71
[03-Aug-2021 14:59:34 Europe/Berlin] PHP Warning:  Attempt to read property "surname" on null in C:\xampp8\htdocs\intranet\app\views\cache\editEmployee.php on line 71
[03-Aug-2021 14:59:34 Europe/Berlin] PHP Warning:  Undefined variable $employee in C:\xampp8\htdocs\intranet\app\views\cache\editEmployee.php on line 74
[03-Aug-2021 14:59:34 Europe/Berlin] PHP Warning:  Attempt to read property "email" on null in C:\xampp8\htdocs\intranet\app\views\cache\editEmployee.php on line 74
[03-Aug-2021 14:59:34 Europe/Berlin] PHP Warning:  Undefined variable $employee in C:\xampp8\htdocs\intranet\app\views\cache\editEmployee.php on line 77
[03-Aug-2021 14:59:34 Europe/Berlin] PHP Warning:  Attempt to read property "contact_number" on null in C:\xampp8\htdocs\intranet\app\views\cache\editEmployee.php on line 77
[03-Aug-2021 14:59:34 Europe/Berlin] PHP Warning:  Undefined variable $employee in C:\xampp8\htdocs\intranet\app\views\cache\editEmployee.php on line 80
[03-Aug-2021 14:59:34 Europe/Berlin] PHP Warning:  Attempt to read property "start_date" on null in C:\xampp8\htdocs\intranet\app\views\cache\editEmployee.php on line 80
[03-Aug-2021 14:59:34 Europe/Berlin] PHP Warning:  Undefined variable $employee in C:\xampp8\htdocs\intranet\app\views\cache\editEmployee.php on line 86
[03-Aug-2021 14:59:34 Europe/Berlin] PHP Warning:  Attempt to read property "employee_code" on null in C:\xampp8\htdocs\intranet\app\views\cache\editEmployee.php on line 86
[03-Aug-2021 15:01:35 Europe/Berlin] PHP Warning:  Array to string conversion in C:\xampp8\htdocs\intranet\system\base\Model.php on line 40
[03-Aug-2021 15:01:35 Europe/Berlin] PHP Warning:  Undefined variable $employee in C:\xampp8\htdocs\intranet\app\views\cache\editEmployee.php on line 68
[03-Aug-2021 15:01:35 Europe/Berlin] PHP Warning:  Attempt to read property "first_name" on null in C:\xampp8\htdocs\intranet\app\views\cache\editEmployee.php on line 68
[03-Aug-2021 15:01:35 Europe/Berlin] PHP Warning:  Undefined variable $employee in C:\xampp8\htdocs\intranet\app\views\cache\editEmployee.php on line 71
[03-Aug-2021 15:01:35 Europe/Berlin] PHP Warning:  Attempt to read property "surname" on null in C:\xampp8\htdocs\intranet\app\views\cache\editEmployee.php on line 71
[03-Aug-2021 15:01:35 Europe/Berlin] PHP Warning:  Undefined variable $employee in C:\xampp8\htdocs\intranet\app\views\cache\editEmployee.php on line 74
[03-Aug-2021 15:01:35 Europe/Berlin] PHP Warning:  Attempt to read property "email" on null in C:\xampp8\htdocs\intranet\app\views\cache\editEmployee.php on line 74
[03-Aug-2021 15:01:35 Europe/Berlin] PHP Warning:  Undefined variable $employee in C:\xampp8\htdocs\intranet\app\views\cache\editEmployee.php on line 77
[03-Aug-2021 15:01:35 Europe/Berlin] PHP Warning:  Attempt to read property "contact_number" on null in C:\xampp8\htdocs\intranet\app\views\cache\editEmployee.php on line 77
[03-Aug-2021 15:01:35 Europe/Berlin] PHP Warning:  Undefined variable $employee in C:\xampp8\htdocs\intranet\app\views\cache\editEmployee.php on line 80
[03-Aug-2021 15:01:35 Europe/Berlin] PHP Warning:  Attempt to read property "start_date" on null in C:\xampp8\htdocs\intranet\app\views\cache\editEmployee.php on line 80
[03-Aug-2021 15:01:35 Europe/Berlin] PHP Warning:  Undefined variable $employee in C:\xampp8\htdocs\intranet\app\views\cache\editEmployee.php on line 86
[03-Aug-2021 15:01:35 Europe/Berlin] PHP Warning:  Attempt to read property "employee_code" on null in C:\xampp8\htdocs\intranet\app\views\cache\editEmployee.php on line 86
[03-Aug-2021 15:03:13 Europe/Berlin] PHP Warning:  Array to string conversion in C:\xampp8\htdocs\intranet\system\base\Model.php on line 40
[03-Aug-2021 15:07:44 Europe/Berlin] explode(): Argument #2 ($string) must be of type string, array given
[03-Aug-2021 15:07:44 Europe/Berlin] C:\xampp8\htdocs\intranet\system\base\Application.php - 19
[03-Aug-2021 15:07:44 Europe/Berlin] #0 C:\xampp8\htdocs\intranet\system\base\Application.php(19): explode('/', Array)
#1 C:\xampp8\htdocs\intranet\index.php(19): system\base\Application->handleRequest('main')
#2 {main}
[03-Aug-2021 15:09:46 Europe/Berlin] PHP Warning:  Undefined variable $employee in C:\xampp8\htdocs\intranet\app\views\cache\editEmployee.php on line 68
[03-Aug-2021 15:09:46 Europe/Berlin] PHP Warning:  Attempt to read property "first_name" on null in C:\xampp8\htdocs\intranet\app\views\cache\editEmployee.php on line 68
[03-Aug-2021 15:09:46 Europe/Berlin] PHP Warning:  Undefined variable $employee in C:\xampp8\htdocs\intranet\app\views\cache\editEmployee.php on line 71
[03-Aug-2021 15:09:46 Europe/Berlin] PHP Warning:  Attempt to read property "surname" on null in C:\xampp8\htdocs\intranet\app\views\cache\editEmployee.php on line 71
[03-Aug-2021 15:09:46 Europe/Berlin] PHP Warning:  Undefined variable $employee in C:\xampp8\htdocs\intranet\app\views\cache\editEmployee.php on line 74
[03-Aug-2021 15:09:46 Europe/Berlin] PHP Warning:  Attempt to read property "email" on null in C:\xampp8\htdocs\intranet\app\views\cache\editEmployee.php on line 74
[03-Aug-2021 15:09:46 Europe/Berlin] PHP Warning:  Undefined variable $employee in C:\xampp8\htdocs\intranet\app\views\cache\editEmployee.php on line 77
[03-Aug-2021 15:09:46 Europe/Berlin] PHP Warning:  Attempt to read property "contact_number" on null in C:\xampp8\htdocs\intranet\app\views\cache\editEmployee.php on line 77
[03-Aug-2021 15:09:46 Europe/Berlin] PHP Warning:  Undefined variable $employee in C:\xampp8\htdocs\intranet\app\views\cache\editEmployee.php on line 80
[03-Aug-2021 15:09:46 Europe/Berlin] PHP Warning:  Attempt to read property "start_date" on null in C:\xampp8\htdocs\intranet\app\views\cache\editEmployee.php on line 80
[03-Aug-2021 15:09:46 Europe/Berlin] PHP Warning:  Undefined variable $employee in C:\xampp8\htdocs\intranet\app\views\cache\editEmployee.php on line 86
[03-Aug-2021 15:09:46 Europe/Berlin] PHP Warning:  Attempt to read property "employee_code" on null in C:\xampp8\htdocs\intranet\app\views\cache\editEmployee.php on line 86
[03-Aug-2021 15:10:35 Europe/Berlin] PHP Warning:  Undefined variable $employee in C:\xampp8\htdocs\intranet\app\views\cache\editEmployee.php on line 68
[03-Aug-2021 15:10:35 Europe/Berlin] PHP Warning:  Attempt to read property "first_name" on null in C:\xampp8\htdocs\intranet\app\views\cache\editEmployee.php on line 68
[03-Aug-2021 15:10:35 Europe/Berlin] PHP Warning:  Undefined variable $employee in C:\xampp8\htdocs\intranet\app\views\cache\editEmployee.php on line 71
[03-Aug-2021 15:10:35 Europe/Berlin] PHP Warning:  Attempt to read property "surname" on null in C:\xampp8\htdocs\intranet\app\views\cache\editEmployee.php on line 71
[03-Aug-2021 15:10:35 Europe/Berlin] PHP Warning:  Undefined variable $employee in C:\xampp8\htdocs\intranet\app\views\cache\editEmployee.php on line 74
[03-Aug-2021 15:10:35 Europe/Berlin] PHP Warning:  Attempt to read property "email" on null in C:\xampp8\htdocs\intranet\app\views\cache\editEmployee.php on line 74
[03-Aug-2021 15:10:35 Europe/Berlin] PHP Warning:  Undefined variable $employee in C:\xampp8\htdocs\intranet\app\views\cache\editEmployee.php on line 77
[03-Aug-2021 15:10:35 Europe/Berlin] PHP Warning:  Attempt to read property "contact_number" on null in C:\xampp8\htdocs\intranet\app\views\cache\editEmployee.php on line 77
[03-Aug-2021 15:10:35 Europe/Berlin] PHP Warning:  Undefined variable $employee in C:\xampp8\htdocs\intranet\app\views\cache\editEmployee.php on line 80
[03-Aug-2021 15:10:35 Europe/Berlin] PHP Warning:  Attempt to read property "start_date" on null in C:\xampp8\htdocs\intranet\app\views\cache\editEmployee.php on line 80
[03-Aug-2021 15:10:35 Europe/Berlin] PHP Warning:  Undefined variable $employee in C:\xampp8\htdocs\intranet\app\views\cache\editEmployee.php on line 86
[03-Aug-2021 15:10:35 Europe/Berlin] PHP Warning:  Attempt to read property "employee_code" on null in C:\xampp8\htdocs\intranet\app\views\cache\editEmployee.php on line 86
[03-Aug-2021 15:11:57 Europe/Berlin] PHP Warning:  Undefined variable $employee in C:\xampp8\htdocs\intranet\app\views\cache\editEmployee.php on line 68
[03-Aug-2021 15:11:57 Europe/Berlin] PHP Warning:  Attempt to read property "first_name" on null in C:\xampp8\htdocs\intranet\app\views\cache\editEmployee.php on line 68
[03-Aug-2021 15:11:57 Europe/Berlin] PHP Warning:  Undefined variable $employee in C:\xampp8\htdocs\intranet\app\views\cache\editEmployee.php on line 71
[03-Aug-2021 15:11:57 Europe/Berlin] PHP Warning:  Attempt to read property "surname" on null in C:\xampp8\htdocs\intranet\app\views\cache\editEmployee.php on line 71
[03-Aug-2021 15:11:57 Europe/Berlin] PHP Warning:  Undefined variable $employee in C:\xampp8\htdocs\intranet\app\views\cache\editEmployee.php on line 74
[03-Aug-2021 15:11:57 Europe/Berlin] PHP Warning:  Attempt to read property "email" on null in C:\xampp8\htdocs\intranet\app\views\cache\editEmployee.php on line 74
[03-Aug-2021 15:11:57 Europe/Berlin] PHP Warning:  Undefined variable $employee in C:\xampp8\htdocs\intranet\app\views\cache\editEmployee.php on line 77
[03-Aug-2021 15:11:57 Europe/Berlin] PHP Warning:  Attempt to read property "contact_number" on null in C:\xampp8\htdocs\intranet\app\views\cache\editEmployee.php on line 77
[03-Aug-2021 15:11:57 Europe/Berlin] PHP Warning:  Undefined variable $employee in C:\xampp8\htdocs\intranet\app\views\cache\editEmployee.php on line 80
[03-Aug-2021 15:11:57 Europe/Berlin] PHP Warning:  Attempt to read property "start_date" on null in C:\xampp8\htdocs\intranet\app\views\cache\editEmployee.php on line 80
[03-Aug-2021 15:11:57 Europe/Berlin] PHP Warning:  Undefined variable $employee in C:\xampp8\htdocs\intranet\app\views\cache\editEmployee.php on line 86
[03-Aug-2021 15:11:57 Europe/Berlin] PHP Warning:  Attempt to read property "employee_code" on null in C:\xampp8\htdocs\intranet\app\views\cache\editEmployee.php on line 86
[03-Aug-2021 15:52:59 Europe/Berlin] PHP Warning:  Undefined array key 1 in C:\xampp8\htdocs\intranet\system\base\Application.php on line 19
[03-Aug-2021 16:02:12 Europe/Berlin] syntax error, unexpected token "endif", expecting end of file
[03-Aug-2021 16:02:12 Europe/Berlin] C:\xampp8\htdocs\intranet\app\views\cache\editEmployee.php - 94
[03-Aug-2021 16:02:12 Europe/Berlin] #0 C:\xampp8\htdocs\intranet\system\base\Controller.php(35): system\base\View::render('editEmployee', Array)
#1 C:\xampp8\htdocs\intranet\app\controllers\EmployeeController.php(13): system\base\Controller->render('editEmployee')
#2 [internal function]: EmployeeController->edit('2')
#3 C:\xampp8\htdocs\intranet\system\base\Application.php(29): call_user_func_array(Array, Array)
#4 C:\xampp8\htdocs\intranet\index.php(19): system\base\Application->handleRequest('main')
#5 {main}
[03-Aug-2021 18:14:06 Europe/Berlin] syntax error, unexpected token "}"
[03-Aug-2021 18:14:06 Europe/Berlin] C:\xampp8\htdocs\intranet\system\base\Model.php - 43
[03-Aug-2021 18:14:06 Europe/Berlin] #0 C:\xampp8\htdocs\intranet\system\handlers\LoadHandler.php(99): system\handlers\LoadHandler::includeBase('system\\base\\Mod...')
#1 C:\xampp8\htdocs\intranet\app\models\Employee.php(5): system\handlers\LoadHandler::autoLoad('system\\base\\Mod...')
#2 C:\xampp8\htdocs\intranet\system\handlers\LoadHandler.php(32): include('C:\\xampp8\\htdoc...')
#3 C:\xampp8\htdocs\intranet\system\handlers\LoadHandler.php(99): system\handlers\LoadHandler::includeModel('Employee')
#4 C:\xampp8\htdocs\intranet\app\controllers\EmployeeController.php(12): system\handlers\LoadHandler::autoLoad('Employee')
#5 [internal function]: EmployeeController->edit('2')
#6 C:\xampp8\htdocs\intranet\system\base\Application.php(29): call_user_func_array(Array, Array)
#7 C:\xampp8\htdocs\intranet\index.php(19): system\base\Application->handleRequest('main')
#8 {main}
